0 info it worked if it ends with ok
1 verbose cli [ 'C:\\Program Files\\nodejs\\node.exe',
1 verbose cli   'C:\\Users\\Misie\\AppData\\Roaming\\npm\\node_modules\\npm\\bin\\npm-cli.js',
1 verbose cli   'start' ]
2 info using npm@4.1.2
3 info using node@v8.7.0
4 verbose run-script [ 'prestart', 'start', 'poststart' ]
5 info lifecycle i2x-challenge@1.0.0~prestart: i2x-challenge@1.0.0
6 silly lifecycle i2x-challenge@1.0.0~prestart: no script for prestart, continuing
7 info lifecycle i2x-challenge@1.0.0~start: i2x-challenge@1.0.0
8 verbose lifecycle i2x-challenge@1.0.0~start: unsafe-perm in lifecycle true
9 verbose lifecycle i2x-challenge@1.0.0~start: PATH: C:\Users\Misie\AppData\Roaming\npm\node_modules\npm\bin\node-gyp-bin;D:\react\i2x-challenge\node_modules\.bin;C:\Program Files (x86)\Common Files\Intel\Shared Libraries\redist\ia32\compiler;C:\Program Files (x86)\Common Files\Intel\Shared Libraries\redist\intel64\compiler;C:\ProgramData\Oracle\Java\javapath;C:\Windows\system32;C:\Windows;C:\Windows\System32\Wbem;C:\Windows\System32\WindowsPowerShell\v1.0\;C:\Users\Misie\.dnx\bin;C:\Program Files\Microsoft DNX\Dnvm\;C:\Program Files\Git\cmd;C:\Program Files\Microsoft SQL Server\120\Tools\Binn\;C:\Program Files\Microsoft SQL Server\130\Tools\Binn\;C:\Program Files\MongoDB\Server\3.4\bin\;C:\Program Files (x86)\NVIDIA Corporation\PhysX\Common;C:\Program Files (x86)\Yarn\bin;C:\WINDOWS\system32;C:\WINDOWS;C:\WINDOWS\System32\Wbem;C:\WINDOWS\System32\WindowsPowerShell\v1.0\;C:\Program Files\nodejs\;C:\Users\Misie\.dnx\bin;C:\Users\Misie\AppData\Local\Microsoft\WindowsApps;C:\Users\Misie\AppData\Local\atom\bin;C:\Program Files\MongoDB\Server\3.4\bin\;C:\Users\Misie\AppData\Local\Yarn\bin;C:\Program Files\Microsoft VS Code\bin;C:\Users\Misie\AppData\Local\Microsoft\WindowsApps;C:\Users\Misie\AppData\Roaming\npm;C:\Program Files\PostgreSQL\10\bin;C:\Program Files\PostgreSQL\10\lib;
10 verbose lifecycle i2x-challenge@1.0.0~start: CWD: D:\react\i2x-challenge
11 silly lifecycle i2x-challenge@1.0.0~start: Args: [ '/d /s /c', 'webpack-dev-server --hot' ]
12 verbose stack Error: kill ENOSYS
12 verbose stack     at Object._errnoException (util.js:1021:11)
12 verbose stack     at process.kill (internal/process.js:180:18)
12 verbose stack     at process.listener (C:\Users\Misie\AppData\Roaming\npm\node_modules\npm\node_modules\npmlog\node_modules\gauge\node_modules\signal-exit\index.js:95:15)
12 verbose stack     at emitNone (events.js:105:13)
12 verbose stack     at process.emit (events.js:207:7)
12 verbose stack     at processEmit (C:\Users\Misie\AppData\Roaming\npm\node_modules\npm\node_modules\npmlog\node_modules\gauge\node_modules\signal-exit\index.js:155:32)
12 verbose stack     at Signal.wrap.onsignal (internal/process.js:205:44)
13 verbose cwd D:\react\i2x-challenge
14 error Windows_NT 10.0.15063
15 error argv "C:\\Program Files\\nodejs\\node.exe" "C:\\Users\\Misie\\AppData\\Roaming\\npm\\node_modules\\npm\\bin\\npm-cli.js" "start"
16 error node v8.7.0
17 error npm  v4.1.2
18 error code ENOSYS
19 error errno ENOSYS
20 error syscall kill
21 error kill ENOSYS
22 error If you need help, you may report this error at:
22 error     <https://github.com/npm/npm/issues>
23 verbose exit [ 1, true ]
